#
# There is insufficient memory for the Java Runtime Environment to continue.
# Native memory allocation (malloc) failed to allocate 1069136 bytes for Chunk::new
# Possible reasons:
#   The system is out of physical RAM or swap space
#   The process is running with CompressedOops enabled, and the Java Heap may be blocking the growth of the native heap
# Possible solutions:
#   Reduce memory load on the system
#   Increase physical memory or swap space
#   Check if swap backing store is full
#   Decrease Java heap size (-Xmx/-Xms)
#   Decrease number of Java threads
#   Decrease Java thread stack sizes (-Xss)
#   Set larger code cache with -XX:ReservedCodeCacheSize=
#   JVM is running with Zero Based Compressed Oops mode in which the Java heap is
#     placed in the first 32GB address space. The Java Heap base address is the
#     maximum limit for the native heap growth. Please use -XX:HeapBaseMinAddress
#     to set the Java Heap base and to place the Java Heap above 32GB virtual address.
# This output file may be truncated or incomplete.
#
#  Out of Memory Error (arena.cpp:184), pid=1908, tid=10084
#
# JRE version: Java(TM) SE Runtime Environment (18.0.1.1+2) (build 18.0.1.1+2-6)
# Java VM: Java HotSpot(TM) 64-Bit Server VM (18.0.1.1+2-6, mixed mode, sharing, tiered, compressed oops, compressed class ptrs, g1 gc, windows-amd64)
# No core dump will be written. Minidumps are not enabled by default on client versions of Windows
#

---------------  S U M M A R Y ------------

Command Line: --module-path=javafx-sdk-19\lib --add-modules=javafx.web,javafx.media,javafx.swing,javafx.controls,javafx.fxml -Dfile.encoding=UTF-8 --module-path=E:\Downloads\javafx-sdk-19\lib\javafx.controls.jar;E:\Downloads\javafx-sdk-19\lib\javafx.fxml.jar;E:\Downloads\javafx-sdk-19\lib\javafx.base.jar;E:\Downloads\javafx-sdk-19\lib\javafx.graphics.jar;E:\Downloads\javafx-sdk-19\lib\javafx.media.jar;E:\Downloads\javafx-sdk-19\lib\javafx.web.jar;E:\Downloads\javafx-sdk-19\lib\javafx-swt.jar;E:\Downloads\javafx-sdk-19\lib\javafx.swing.jar -XX:+ShowCodeDetailsInExceptionMessages hust.soict.dsai.aims.Aims

Host: Intel(R) Core(TM) i5-9400F CPU @ 2.90GHz, 6 cores, 15G,  Windows 10 , 64 bit Build 19041 (10.0.19041.2364)
Time: Sun Jan  1 22:47:49 2023 SE Asia Standard Time elapsed time: 1.362696 seconds (0d 0h 0m 1s)

---------------  T H R E A D  ---------------

Current thread (0x000002a3351d3b20):  JavaThread "C2 CompilerThread0" daemon [_thread_in_native, id=10084, stack(0x000000e046d00000,0x000000e046e00000)]


Current CompileTask:
C2:   1362 1792       4       java.lang.invoke.MethodType::makeImpl (109 bytes)

Stack: [0x000000e046d00000,0x000000e046e00000]
Native frames: (J=compiled Java code, j=interpreted, Vv=VM code, C=native code)
V  [jvm.dll+0x69887a]
V  [jvm.dll+0x7f38bd]
V  [jvm.dll+0x7f51ce]
V  [jvm.dll+0x7f5883]
V  [jvm.dll+0x25ca3f]
V  [jvm.dll+0xb8c2f]
V  [jvm.dll+0xb8fa5]
V  [jvm.dll+0x385a31]
V  [jvm.dll+0x34f811]
V  [jvm.dll+0x34ecaa]
V  [jvm.dll+0x22fc21]
V  [jvm.dll+0x22eff1]
V  [jvm.dll+0x1b9cfc]
V  [jvm.dll+0x23e8ca]
V  [jvm.dll+0x23cbb5]
V  [jvm.dll+0x7a5fb1]
V  [jvm.dll+0x7a03ea]
V  [jvm.dll+0x697725]
C  [ucrtbase.dll+0x21bb2]
C  [KERNEL32.DLL+0x17614]
C  [ntdll.dll+0x526a1]


---------------  P R O C E S S  ---------------

Threads class SMR info:
_java_thread_list=0x000002a339a2e630, length=23, elements={
0x000002a3351a3ea0, 0x000002a3351a5c50, 0x000002a3351bf310, 0x000002a3351bfcb0,
0x000002a3351c0650, 0x000002a3351c1270, 0x000002a3351d3b20, 0x000002a3351d7660,
0x000002a3351dcc80, 0x000002a335191540, 0x000002a33970ade0, 0x000002a3398074e0,
0x000002a3398079a0, 0x000002a3398200f0, 0x000002a339c57c20, 0x000002a339c568e0,
0x000002a339c54730, 0x000002a339c57750, 0x000002a339c550d0, 0x000002a339c54c00,
0x000002a339c555a0, 0x000002a3399fc5b0, 0x000002a3399fca80
}

Java Threads: ( => current thread )
  0x000002a3351a3ea0 JavaThread "Reference Handler" daemon [_thread_blocked, id=29052, stack(0x000000e046700000,0x000000e046800000)]
  0x000002a3351a5c50 JavaThread "Finalizer" daemon [_thread_blocked, id=33948, stack(0x000000e046800000,0x000000e046900000)]
  0x000002a3351bf310 JavaThread "Signal Dispatcher" daemon [_thread_blocked, id=20588, stack(0x000000e046900000,0x000000e046a00000)]
  0x000002a3351bfcb0 JavaThread "Attach Listener" daemon [_thread_blocked, id=34968, stack(0x000000e046a00000,0x000000e046b00000)]
  0x000002a3351c0650 JavaThread "Service Thread" daemon [_thread_blocked, id=31064, stack(0x000000e046b00000,0x000000e046c00000)]
  0x000002a3351c1270 JavaThread "Monitor Deflation Thread" daemon [_thread_blocked, id=28804, stack(0x000000e046c00000,0x000000e046d00000)]
=>0x000002a3351d3b20 JavaThread "C2 CompilerThread0" daemon [_thread_in_native, id=10084, stack(0x000000e046d00000,0x000000e046e00000)]
  0x000002a3351d7660 JavaThread "C1 CompilerThread0" daemon [_thread_blocked, id=11992, stack(0x000000e046e00000,0x000000e046f00000)]
  0x000002a3351dcc80 JavaThread "Sweeper thread" daemon [_thread_blocked, id=34856, stack(0x000000e046f00000,0x000000e047000000)]
  0x000002a335191540 JavaThread "Common-Cleaner" daemon [_thread_blocked, id=35364, stack(0x000000e047000000,0x000000e047100000)]
  0x000002a33970ade0 JavaThread "Notification Thread" daemon [_thread_blocked, id=32332, stack(0x000000e047200000,0x000000e047300000)]
  0x000002a3398074e0 JavaThread "Java2D Disposer" daemon [_thread_blocked, id=30780, stack(0x000000e047400000,0x000000e047500000)]
  0x000002a3398079a0 JavaThread "AWT-Shutdown" [_thread_blocked, id=25716, stack(0x000000e047500000,0x000000e047600000)]
  0x000002a3398200f0 JavaThread "AWT-Windows" daemon [_thread_in_native, id=32448, stack(0x000000e047600000,0x000000e047700000)]
  0x000002a339c57c20 JavaThread "AWT-EventQueue-0" [_thread_in_vm, id=33780, stack(0x000000e047100000,0x000000e047200000)]
  0x000002a339c568e0 JavaThread "D3D Screen Updater" daemon [_thread_blocked, id=29816, stack(0x000000e047a00000,0x000000e047b00000)]
  0x000002a339c54730 JavaThread "QuantumRenderer-0" daemon [_thread_blocked, id=25176, stack(0x000000e047b00000,0x000000e047c00000)]
  0x000002a339c57750 JavaThread "InvokeLaterDispatcher" daemon [_thread_blocked, id=22292, stack(0x000000e047c00000,0x000000e047d00000)]
  0x000002a339c550d0 JavaThread "JavaFX Application Thread" [_thread_in_vm, id=25572, stack(0x000000e047d00000,0x000000e047e00000)]
  0x000002a339c54c00 JavaThread "Thread-1" daemon [_thread_in_native, id=36048, stack(0x000000e047e00000,0x000000e047f00000)]
  0x000002a339c555a0 JavaThread "DestroyJavaVM" [_thread_blocked, id=17764, stack(0x000000e046000000,0x000000e046100000)]
  0x000002a3399fc5b0 JavaThread "Image Fetcher 0" daemon [_thread_blocked, id=23524, stack(0x000000e048400000,0x000000e048500000)]
  0x000002a3399fca80 JavaThread "Image Fetcher 1" daemon [_thread_blocked, id=30800, stack(0x000000e048500000,0x000000e048600000)]

Other Threads:
  0x000002a3351a1eb0 VMThread "VM Thread" [stack: 0x000000e046600000,0x000000e046700000] [id=31228]
  0x000002a3395f8c90 WatcherThread "VM Periodic Task Thread" [stack: 0x000000e047300000,0x000000e047400000] [id=27124]
  0x000002a312851d10 WorkerThread "GC Thread#0" [stack: 0x000000e046100000,0x000000e046200000] [id=8952]
  0x000002a341cc3e50 WorkerThread "GC Thread#1" [stack: 0x000000e047f00000,0x000000e048000000] [id=19676]
  0x000002a341cc40f0 WorkerThread "GC Thread#2" [stack: 0x000000e048000000,0x000000e048100000] [id=30804]
  0x000002a341cc3910 WorkerThread "GC Thread#3" [stack: 0x000000e048100000,0x000000e048200000] [id=20980]
  0x000002a341cc2950 WorkerThread "GC Thread#4" [stack: 0x000000e048200000,0x000000e048300000] [id=10008]
  0x000002a341cc4390 WorkerThread "GC Thread#5" [stack: 0x000000e048300000,0x000000e048400000] [id=24768]
  0x000002a312864300 ConcurrentGCThread "G1 Main Marker" [stack: 0x000000e046200000,0x000000e046300000] [id=12156]
  0x000002a312864cf0 WorkerThread "G1 Conc#0" [stack: 0x000000e046300000,0x000000e046400000] [id=12732]
  0x000002a335059ea0 ConcurrentGCThread "G1 Refine#0" [stack: 0x000000e046400000,0x000000e046500000] [id=4764]
  0x000002a33505a7b0 ConcurrentGCThread "G1 Service" [stack: 0x000000e046500000,0x000000e046600000] [id=15268]

Threads with active compile tasks:
C2 CompilerThread0     1383 1792       4       java.lang.invoke.MethodType::makeImpl (109 bytes)

VM state: not at safepoint (normal execution)

VM Mutex/Monitor currently owned by a thread:  ([mutex/lock_event])
[0x000002a3127db1c0] Metaspace_lock - owner thread: 0x000002a339c550d0

Heap address: 0x0000000700e00000, size: 4082 MB, Compressed Oops mode: Zero based, Oop shift amount: 3

CDS archive(s) mapped at: [0x0000000800000000-0x0000000800ba0000-0x0000000800ba0000), size 12189696, SharedBaseAddress: 0x0000000800000000, ArchiveRelocationMode: 0.
Compressed class space mapped at: 0x0000000800c00000-0x0000000840c00000, reserved size: 1073741824
Narrow klass base: 0x0000000800000000, Narrow klass shift: 0, Narrow klass range: 0x100000000

GC Precious Log:
 CardTable entry size: 512
 Card Set container configuration: InlinePtr #cards 4 size 8 Array Of Cards #cards 16 size 48 Howl #buckets 8 coarsen threshold 3686 Howl Bitmap #cards 512 size 80 coarsen threshold 460 Card regions per heap region 1 cards per card region 4096
 CPUs: 6 total, 6 available
 Memory: 16326M
 Large Page Support: Disabled
 NUMA Support: Disabled
 Compressed Oops: Enabled (Zero based)
 Heap Region Size: 2M
 Heap Min Capacity: 8M
 Heap Initial Capacity: 256M
 Heap Max Capacity: 4082M
 Pre-touch: Disabled
 Parallel Workers: 6
 Concurrent Workers: 2
 Concurrent Refinement Workers: 6
 Periodic GC: Disabled

Heap:
 garbage-first heap   total 262144K, used 39915K [0x0000000700e00000, 0x0000000800000000)
  region size 2048K, 17 young (34816K), 2 survivors (4096K)
 Metaspace       used 18368K, committed 18688K, reserved 1114112K
  class space    used 2572K, committed 2752K, reserved 1048576K

Heap Regions: E=young(eden), S=young(survivor), O=old, HS=humongous(starts), HC=humongous(continues), CS=collection set, F=free, OA=open archive, CA=closed archive, TAMS=top-at-mark-start (previous, next)
|   0|0x0000000700e00000, 0x0000000701000000, 0x0000000701000000|100%|HS|  |TAMS 0x0000000700e00000, 0x0000000700e00000| Complete 
|   1|0x0000000701000000, 0x0000000701200000, 0x0000000701200000|100%|HC|  |TAMS 0x0000000701000000, 0x0000000701000000| Complete 
|   2|0x0000000701200000, 0x0000000701400000, 0x0000000701400000|100%|HS|  |TAMS 0x0000000701200000, 0x0000000701200000| Complete 
|   3|0x0000000701400000, 0x0000000701600000, 0x0000000701600000|100%|HC|  |TAMS 0x0000000701400000, 0x0000000701400000| Complete 
|   4|0x0000000701600000, 0x0000000701600000, 0x0000000701800000|  0%| F|  |TAMS 0x0000000701600000, 0x0000000701600000| Untracked 
|   5|0x0000000701800000, 0x0000000701800000, 0x0000000701a00000|  0%| F|  |TAMS 0x0000000701800000, 0x0000000701800000| Untracked 
|   6|0x0000000701a00000, 0x0000000701a00000, 0x0000000701c00000|  0%| F|  |TAMS 0x0000000701a00000, 0x0000000701a00000| Untracked 
|   7|0x0000000701c00000, 0x0000000701c00000, 0x0000000701e00000|  0%| F|  |TAMS 0x0000000701c00000, 0x0000000701c00000| Untracked 
|   8|0x0000000701e00000, 0x0000000701e00000, 0x0000000702000000|  0%| F|  |TAMS 0x0000000701e00000, 0x0000000701e00000| Untracked 
|   9|0x0000000702000000, 0x0000000702000000, 0x0000000702200000|  0%| F|  |TAMS 0x0000000702000000, 0x0000000702000000| Untracked 
|  10|0x0000000702200000, 0x0000000702200000, 0x0000000702400000|  0%| F|  |TAMS 0x0000000702200000, 0x0000000702200000| Untracked 
|  11|0x0000000702400000, 0x0000000702400000, 0x0000000702600000|  0%| F|  |TAMS 0x0000000702400000, 0x0000000702400000| Untracked 
|  12|0x0000000702600000, 0x0000000702600000, 0x0000000702800000|  0%| F|  |TAMS 0x0000000702600000, 0x0000000702600000| Untracked 
|  13|0x0000000702800000, 0x0000000702800000, 0x0000000702a00000|  0%| F|  |TAMS 0x0000000702800000, 0x0000000702800000| Untracked 
|  14|0x0000000702a00000, 0x0000000702a00000, 0x0000000702c00000|  0%| F|  |TAMS 0x0000000702a00000, 0x0000000702a00000| Untracked 
|  15|0x0000000702c00000, 0x0000000702c00000, 0x0000000702e00000|  0%| F|  |TAMS 0x0000000702c00000, 0x0000000702c00000| Untracked 
|  16|0x0000000702e00000, 0x0000000702e00000, 0x0000000703000000|  0%| F|  |TAMS 0x0000000702e00000, 0x0000000702e00000| Untracked 
|  17|0x0000000703000000, 0x0000000703000000, 0x0000000703200000|  0%| F|  |TAMS 0x0000000703000000, 0x0000000703000000| Untracked 
|  18|0x0000000703200000, 0x0000000703200000, 0x0000000703400000|  0%| F|  |TAMS 0x0000000703200000, 0x0000000703200000| Untracked 
|  19|0x0000000703400000, 0x0000000703400000, 0x0000000703600000|  0%| F|  |TAMS 0x0000000703400000, 0x0000000703400000| Untracked 
|  20|0x0000000703600000, 0x0000000703600000, 0x0000000703800000|  0%| F|  |TAMS 0x0000000703600000, 0x0000000703600000| Untracked 
|  21|0x0000000703800000, 0x0000000703800000, 0x0000000703a00000|  0%| F|  |TAMS 0x0000000703800000, 0x0000000703800000| Untracked 
|  22|0x0000000703a00000, 0x0000000703a00000, 0x0000000703c00000|  0%| F|  |TAMS 0x0000000703a00000, 0x0000000703a00000| Untracked 
|  23|0x0000000703c00000, 0x0000000703c00000, 0x0000000703e00000|  0%| F|  |TAMS 0x0000000703c00000, 0x0000000703c00000| Untracked 
|  24|0x0000000703e00000, 0x0000000703e00000, 0x0000000704000000|  0%| F|  |TAMS 0x0000000703e00000, 0x0000000703e00000| Untracked 
|  25|0x0000000704000000, 0x0000000704000000, 0x0000000704200000|  0%| F|  |TAMS 0x0000000704000000, 0x0000000704000000| Untracked 
|  26|0x0000000704200000, 0x0000000704200000, 0x0000000704400000|  0%| F|  |TAMS 0x0000000704200000, 0x0000000704200000| Untracked 
|  27|0x0000000704400000, 0x0000000704400000, 0x0000000704600000|  0%| F|  |TAMS 0x0000000704400000, 0x0000000704400000| Untracked 
|  28|0x0000000704600000, 0x0000000704600000, 0x0000000704800000|  0%| F|  |TAMS 0x0000000704600000, 0x0000000704600000| Untracked 
|  29|0x0000000704800000, 0x0000000704800000, 0x0000000704a00000|  0%| F|  |TAMS 0x0000000704800000, 0x0000000704800000| Untracked 
|  30|0x0000000704a00000, 0x0000000704a00000, 0x0000000704c00000|  0%| F|  |TAMS 0x0000000704a00000, 0x0000000704a00000| Untracked 
|  31|0x0000000704c00000, 0x0000000704c00000, 0x0000000704e00000|  0%| F|  |TAMS 0x0000000704c00000, 0x0000000704c00000| Untracked 
|  32|0x0000000704e00000, 0x0000000704e00000, 0x0000000705000000|  0%| F|  |TAMS 0x0000000704e00000, 0x0000000704e00000| Untracked 
|  33|0x0000000705000000, 0x0000000705000000, 0x0000000705200000|  0%| F|  |TAMS 0x0000000705000000, 0x0000000705000000| Untracked 
|  34|0x0000000705200000, 0x0000000705200000, 0x0000000705400000|  0%| F|  |TAMS 0x0000000705200000, 0x0000000705200000| Untracked 
|  35|0x0000000705400000, 0x0000000705400000, 0x0000000705600000|  0%| F|  |TAMS 0x0000000705400000, 0x0000000705400000| Untracked 
|  36|0x0000000705600000, 0x0000000705600000, 0x0000000705800000|  0%| F|  |TAMS 0x0000000705600000, 0x0000000705600000| Untracked 
|  37|0x0000000705800000, 0x0000000705800000, 0x0000000705a00000|  0%| F|  |TAMS 0x0000000705800000, 0x0000000705800000| Untracked 
|  38|0x0000000705a00000, 0x0000000705a00000, 0x0000000705c00000|  0%| F|  |TAMS 0x0000000705a00000, 0x0000000705a00000| Untracked 
|  39|0x0000000705c00000, 0x0000000705c00000, 0x0000000705e00000|  0%| F|  |TAMS 0x0000000705c00000, 0x0000000705c00000| Untracked 
|  40|0x0000000705e00000, 0x0000000705e00000, 0x0000000706000000|  0%| F|  |TAMS 0x0000000705e00000, 0x0000000705e00000| Untracked 
|  41|0x0000000706000000, 0x0000000706000000, 0x0000000706200000|  0%| F|  |TAMS 0x0000000706000000, 0x0000000706000000| Untracked 
|  42|0x0000000706200000, 0x0000000706200000, 0x0000000706400000|  0%| F|  |TAMS 0x0000000706200000, 0x0000000706200000| Untracked 
|  43|0x0000000706400000, 0x0000000706400000, 0x0000000706600000|  0%| F|  |TAMS 0x0000000706400000, 0x0000000706400000| Untracked 
|  44|0x0000000706600000, 0x0000000706600000, 0x0000000706800000|  0%| F|  |TAMS 0x0000000706600000, 0x0000000706600000| Untracked 
|  45|0x0000000706800000, 0x0000000706800000, 0x0000000706a00000|  0%| F|  |TAMS 0x0000000706800000, 0x0000000706800000| Untracked 
|  46|0x0000000706a00000, 0x0000000706a00000, 0x0000000706c00000|  0%| F|  |TAMS 0x0000000706a00000, 0x0000000706a00000| Untracked 
|  47|0x0000000706c00000, 0x0000000706c00000, 0x0000000706e00000|  0%| F|  |TAMS 0x0000000706c00000, 0x0000000706c00000| Untracked 
|  48|0x0000000706e00000, 0x0000000706e00000, 0x0000000707000000|  0%| F|  |TAMS 0x0000000706e00000, 0x0000000706e00000| Untracked 
|  49|0x0000000707000000, 0x0000000707000000, 0x0000000707200000|  0%| F|  |TAMS 0x0000000707000000, 0x0000000707000000| Untracked 
|  50|0x0000000707200000, 0x0000000707200000, 0x0000000707400000|  0%| F|  |TAMS 0x0000000707200000, 0x0000000707200000| Untracked 
|  51|0x0000000707400000, 0x0000000707400000, 0x0000000707600000|  0%| F|  |TAMS 0x0000000707400000, 0x0000000707400000| Untracked 
|  52|0x0000000707600000, 0x0000000707600000, 0x0000000707800000|  0%| F|  |TAMS 0x0000000707600000, 0x0000000707600000| Untracked 
|  53|0x0000000707800000, 0x0000000707800000, 0x0000000707a00000|  0%| F|  |TAMS 0x0000000707800000, 0x0000000707800000| Untracked 
|  54|0x0000000707a00000, 0x0000000707a00000, 0x0000000707c00000|  0%| F|  |TAMS 0x0000000707a00000, 0x0000000707a00000| Untracked 
|  55|0x0000000707c00000, 0x0000000707c00000, 0x0000000707e00000|  0%| F|  |TAMS 0x0000000707c00000, 0x0000000707c00000| Untracked 
|  56|0x0000000707e00000, 0x0000000707e00000, 0x0000000708000000|  0%| F|  |TAMS 0x0000000707e00000, 0x0000000707e00000| Untracked 
|  57|0x0000000708000000, 0x0000000708000000, 0x0000000708200000|  0%| F|  |TAMS 0x0000000708000000, 0x0000000708000000| Untracked 
|  58|0x0000000708200000, 0x0000000708200000, 0x0000000708400000|  0%| F|  |TAMS 0x0000000708200000, 0x0000000708200000| Untracked 
|  59|0x0000000708400000, 0x0000000708400000, 0x0000000708600000|  0%| F|  |TAMS 0x0000000708400000, 0x0000000708400000| Untracked 
|  60|0x0000000708600000, 0x0000000708600000, 0x0000000708800000|  0%| F|  |TAMS 0x0000000708600000, 0x0000000708600000| Untracked 
|  61|0x0000000708800000, 0x0000000708800000, 0x0000000708a00000|  0%| F|  |TAMS 0x0000000708800000, 0x0000000708800000| Untracked 
|  62|0x0000000708a00000, 0x0000000708a00000, 0x0000000708c00000|  0%| F|  |TAMS 0x0000000708a00000, 0x0000000708a00000| Untracked 
|  63|0x0000000708c00000, 0x0000000708c00000, 0x0000000708e00000|  0%| F|  |TAMS 0x0000000708c00000, 0x0000000708c00000| Untracked 
|  64|0x0000000708e00000, 0x0000000708e00000, 0x0000000709000000|  0%| F|  |TAMS 0x0000000708e00000, 0x0000000708e00000| Untracked 
|  65|0x0000000709000000, 0x0000000709000000, 0x0000000709200000|  0%| F|  |TAMS 0x0000000709000000, 0x0000000709000000| Untracked 
|  66|0x0000000709200000, 0x0000000709200000, 0x0000000709400000|  0%| F|  |TAMS 0x0000000709200000, 0x0000000709200000| Untracked 
|  67|0x0000000709400000, 0x0000000709400000, 0x0000000709600000|  0%| F|  |TAMS 0x0000000709400000, 0x0000000709400000| Untracked 
|  68|0x0000000709600000, 0x0000000709600000, 0x0000000709800000|  0%| F|  |TAMS 0x0000000709600000, 0x0000000709600000| Untracked 
|  69|0x0000000709800000, 0x0000000709800000, 0x0000000709a00000|  0%| F|  |TAMS 0x0000000709800000, 0x0000000709800000| Untracked 
|  70|0x0000000709a00000, 0x0000000709a00000, 0x0000000709c00000|  0%| F|  |TAMS 0x0000000709a00000, 0x0000000709a00000| Untracked 
|  71|0x0000000709c00000, 0x0000000709c00000, 0x0000000709e00000|  0%| F|  |TAMS 0x0000000709c00000, 0x0000000709c00000| Untracked 
|  72|0x0000000709e00000, 0x0000000709e00000, 0x000000070a000000|  0%| F|  |TAMS 0x0000000709e00000, 0x0000000709e00000| Untracked 
|  73|0x000000070a000000, 0x000000070a000000, 0x000000070a200000|  0%| F|  |TAMS 0x000000070a000000, 0x000000070a000000| Untracked 
|  74|0x000000070a200000, 0x000000070a200000, 0x000000070a400000|  0%| F|  |TAMS 0x000000070a200000, 0x000000070a200000| Untracked 
|  75|0x000000070a400000, 0x000000070a400000, 0x000000070a600000|  0%| F|  |TAMS 0x000000070a400000, 0x000000070a400000| Untracked 
|  76|0x000000070a600000, 0x000000070a600000, 0x000000070a800000|  0%| F|  |TAMS 0x000000070a600000, 0x000000070a600000| Untracked 
|  77|0x000000070a800000, 0x000000070a800000, 0x000000070aa00000|  0%| F|  |TAMS 0x000000070a800000, 0x000000070a800000| Untracked 
|  78|0x000000070aa00000, 0x000000070aa00000, 0x000000070ac00000|  0%| F|  |TAMS 0x000000070aa00000, 0x000000070aa00000| Untracked 
|  79|0x000000070ac00000, 0x000000070ac00000, 0x000000070ae00000|  0%| F|  |TAMS 0x000000070ac00000, 0x000000070ac00000| Untracked 
|  80|0x000000070ae00000, 0x000000070ae00000, 0x000000070b000000|  0%| F|  |TAMS 0x000000070ae00000, 0x000000070ae00000| Untracked 
|  81|0x000000070b000000, 0x000000070b000000, 0x000000070b200000|  0%| F|  |TAMS 0x000000070b000000, 0x000000070b000000| Untracked 
|  82|0x000000070b200000, 0x000000070b200000, 0x000000070b400000|  0%| F|  |TAMS 0x000000070b200000, 0x000000070b200000| Untracked 
|  83|0x000000070b400000, 0x000000070b400000, 0x000000070b600000|  0%| F|  |TAMS 0x000000070b400000, 0x000000070b400000| Untracked 
|  84|0x000000070b600000, 0x000000070b600000, 0x000000070b800000|  0%| F|  |TAMS 0x000000070b600000, 0x000000070b600000| Untracked 
|  85|0x000000070b800000, 0x000000070b800000, 0x000000070ba00000|  0%| F|  |TAMS 0x000000070b800000, 0x000000070b800000| Untracked 
|  86|0x000000070ba00000, 0x000000070ba00000, 0x000000070bc00000|  0%| F|  |TAMS 0x000000070ba00000, 0x000000070ba00000| Untracked 
|  87|0x000000070bc00000, 0x000000070bc00000, 0x000000070be00000|  0%| F|  |TAMS 0x000000070bc00000, 0x000000070bc00000| Untracked 
|  88|0x000000070be00000, 0x000000070be00000, 0x000000070c000000|  0%| F|  |TAMS 0x000000070be00000, 0x000000070be00000| Untracked 
|  89|0x000000070c000000, 0x000000070c000000, 0x000000070c200000|  0%| F|  |TAMS 0x000000070c000000, 0x000000070c000000| Untracked 
|  90|0x000000070c200000, 0x000000070c200000, 0x000000070c400000|  0%| F|  |TAMS 0x000000070c200000, 0x000000070c200000| Untracked 
|  91|0x000000070c400000, 0x000000070c400000, 0x000000070c600000|  0%| F|  |TAMS 0x000000070c400000, 0x000000070c400000| Untracked 
|  92|0x000000070c600000, 0x000000070c600000, 0x000000070c800000|  0%| F|  |TAMS 0x000000070c600000, 0x000000070c600000| Untracked 
|  93|0x000000070c800000, 0x000000070c800000, 0x000000070ca00000|  0%| F|  |TAMS 0x000000070c800000, 0x000000070c800000| Untracked 
|  94|0x000000070ca00000, 0x000000070ca00000, 0x000000070cc00000|  0%| F|  |TAMS 0x000000070ca00000, 0x000000070ca00000| Untracked 
|  95|0x000000070cc00000, 0x000000070cc00000, 0x000000070ce00000|  0%| F|  |TAMS 0x000000070cc00000, 0x000000070cc00000| Untracked 
|  96|0x000000070ce00000, 0x000000070ce00000, 0x000000070d000000|  0%| F|  |TAMS 0x000000070ce00000, 0x000000070ce00000| Untracked 
|  97|0x000000070d000000, 0x000000070d000000, 0x000000070d200000|  0%| F|  |TAMS 0x000000070d000000, 0x000000070d000000| Untracked 
|  98|0x000000070d200000, 0x000000070d200000, 0x000000070d400000|  0%| F|  |TAMS 0x000000070d200000, 0x000000070d200000| Untracked 
|  99|0x000000070d400000, 0x000000070d400000, 0x000000070d600000|  0%| F|  |TAMS 0x000000070d400000, 0x000000070d400000| Untracked 
| 100|0x000000070d600000, 0x000000070d600000, 0x000000070d800000|  0%| F|  |TAMS 0x000000070d600000, 0x000000070d600000| Untracked 
| 101|0x000000070d800000, 0x000000070d800000, 0x000000070da00000|  0%| F|  |TAMS 0x000000070d800000, 0x000000070d800000| Untracked 
| 102|0x000000070da00000, 0x000000070da00000, 0x000000070dc00000|  0%| F|  |TAMS 0x000000070da00000, 0x000000070da00000| Untracked 
| 103|0x000000070dc00000, 0x000000070dc00000, 0x000000070de00000|  0%| F|  |TAMS 0x000000070dc00000, 0x000000070dc00000| Untracked 
| 104|0x000000070de00000, 0x000000070de00000, 0x000000070e000000|  0%| F|  |TAMS 0x000000070de00000, 0x000000070de00000| Untracked 
| 105|0x000000070e000000, 0x000000070e000000, 0x000000070e200000|  0%| F|  |TAMS 0x000000070e000000, 0x000000070e000000| Untracked 
| 106|0x000000070e200000, 0x000000070e200000, 0x000000070e400000|  0%| F|  |TAMS 0x000000070e200000, 0x000000070e200000| Untracked 
| 107|0x000000070e400000, 0x000000070e400000, 0x000000070e600000|  0%| F|  |TAMS 0x000000070e400000, 0x000000070e400000| Untracked 
| 108|0x000000070e600000, 0x000000070e600000, 0x000000070e800000|  0%| F|  |TAMS 0x000000070e600000, 0x000000070e600000| Untracked 
| 109|0x000000070e800000, 0x000000070e800000, 0x000000070ea00000|  0%| F|  |TAMS 0x000000070e800000, 0x000000070e800000| Untracked 
| 110|0x000000070ea00000, 0x000000070ea00000, 0x000000070ec00000|  0%| F|  |TAMS 0x000000070ea00000, 0x000000070ea00000| Untracked 
| 111|0x000000070ec00000, 0x000000070ed19638, 0x000000070ee00000| 54%| E|  |TAMS 0x000000070ec00000, 0x000000070ec00000| Complete 
| 112|0x000000070ee00000, 0x000000070f000000, 0x000000070f000000|100%| E|CS|TAMS 0x000000070ee00000, 0x000000070ee00000| Complete 
| 113|0x000000070f000000, 0x000000070f200000, 0x000000070f200000|100%| E|CS|TAMS 0x000000070f000000, 0x000000070f000000| Complete 
| 114|0x000000070f200000, 0x000000070f400000, 0x000000070f400000|100%| E|CS|TAMS 0x000000070f200000, 0x000000070f200000| Complete 
| 115|0x000000070f400000, 0x000000070f600000, 0x000000070f600000|100%| E|CS|TAMS 0x000000070f400000, 0x000000070f400000| Complete 
| 116|0x000000070f600000, 0x000000070f6faed0, 0x000000070f800000| 49%| S|CS|TAMS 0x000000070f600000, 0x000000070f600000| Complete 
| 117|0x000000070f800000, 0x000000070fa00000, 0x000000070fa00000|100%| S|CS|TAMS 0x000000070f800000, 0x000000070f800000| Complete 
| 118|0x000000070fa00000, 0x000000070fc00000, 0x000000070fc00000|100%| E|CS|TAMS 0x000000070fa00000, 0x000000070fa00000| Complete 
| 119|0x000000070fc00000, 0x000000070fe00000, 0x000000070fe00000|100%| E|CS|TAMS 0x000000070fc00000, 0x000000070fc00000| Complete 
| 120|0x000000070fe00000, 0x0000000710000000, 0x0000000710000000|100%| E|CS|TAMS 0x000000070fe00000, 0x000000070fe00000| Complete 
| 121|0x0000000710000000, 0x0000000710200000, 0x0000000710200000|100%| E|CS|TAMS 0x0000000710000000, 0x0000000710000000| Complete 
| 122|0x0000000710200000, 0x0000000710400000, 0x0000000710400000|100%| E|CS|TAMS 0x0000000710200000, 0x0000000710200000| Complete 
| 123|0x0000000710400000, 0x0000000710600000, 0x0000000710600000|100%| E|CS|TAMS 0x0000000710400000, 0x0000000710400000| Complete 
| 124|0x0000000710600000, 0x0000000710800000, 0x0000000710800000|100%| E|CS|TAMS 0x0000000710600000, 0x0000000710600000| Complete 
| 125|0x0000000710800000, 0x0000000710a00000, 0x0000000710a00000|100%| E|CS|TAMS 0x0000000710800000, 0x0000000710800000| Complete 
| 126|0x0000000710a00000, 0x0000000710c00000, 0x0000000710c00000|100%| E|CS|TAMS 0x0000000710a00000, 0x0000000710a00000| Complete 
| 127|0x0000000710c00000, 0x0000000710e00000, 0x0000000710e00000|100%| E|CS|TAMS 0x0000000710c00000, 0x0000000710c00000| Complete 

Card table byte_map: [0x000002a329a30000,0x000002a32a230000] _byte_map_base: 0x000002a326229000

Marking Bits (Prev, Next): (CMBitMap*) 0x000002a312852310, (CMBitMap*) 0x000002a312852350
 Prev Bits: [0x000002a32aa30000, 0x000002a32e9f8000)
 Next Bits: [0x000002a32ea00000, 0x000002a3329c8000)

Polling page: 0x000002a310770000

Metaspace:

Usage:
  Non-class:     15.43 MB used.
      Class:      2.51 MB used.
       Both:     17.94 MB used.

Virtual space:
  Non-class space:       64.00 MB reserved,      15.56 MB ( 24%) committed,  1 nodes.
      Class space:        1.00 GB reserved,       2.69 MB ( <1%) committed,  1 nodes.
             Both:        1.06 GB reserved,      18.25 MB (  2%) committed. 

Chunk freelists:
   Non-Class:  432.00 KB
       Class:  1.35 MB
        Both:  1.77 MB

MaxMetaspaceSize: unlimited
CompressedClassSpaceSize: 1.00 GB
Initial GC threshold: 21.00 MB
Current GC threshold: 21.00 MB
CDS: on
MetaspaceReclaimPolicy: balanced
 - commit_granule_bytes: 65536.
 - commit_granule_words: 8192.
 - virtual_space_node_default_size: 8388608.
 - enlarge_chunks_in_place: 1.
 - new_chunks_are_fully_committed: 0.
 - uncommit_free_chunks: 1.
 - use_allocation_guard: 0.


Internal statistics:

num_allocs_failed_limit: 0.
num_arena_births: 322.
num_arena_deaths: 0.
num_vsnodes_births: 2.
num_vsnodes_deaths: 0.
num_space_committed: 292.
num_space_uncommitted: 0.
num_chunks_returned_to_freelist: 0.
num_chunks_taken_from_freelist: 751.
num_chunk_merges: 0.
num_chunk_splits: 496.
num_chunks_enlarged: 337.
num_inconsistent_stats: 0.

CodeHeap 'non-profiled nmethods': size=120000Kb used=584Kb max_used=584Kb free=119415Kb
 bounds [0x000002a321bf0000, 0x000002a321e60000, 0x000002a329120000]
CodeHeap 'profiled nmethods': size=120000Kb used=3239Kb max_used=3239Kb free=116760Kb
 bounds [0x000002a31a6c0000, 0x000002a31a9f0000, 0x000002a321bf0000]
CodeHeap 'non-nmethods': size=5760Kb used=1420Kb max_used=1423Kb free=4339Kb
 bounds [0x000002a31a120000, 0x000002a31a390000, 0x000002a31a6c0000]
 total_blobs=2616 nmethods=1847 adapters=681
 compilation: enabled
              stopped_count=0, restarted_count=0
 full_count=0

Compilation events (20 events):
Event: 1.344 Thread 0x000002a3351d7660 1816       3       com.sun.javafx.css.SelectorPartitioning$$Lambda$255/0x0000000800dacc20::compare (12 bytes)
Event: 1.344 Thread 0x000002a3351d7660 nmethod 1816 0x000002a31a9d4690 code [0x000002a31a9d4840, 0x000002a31a9d4cf8]
Event: 1.344 Thread 0x000002a3351d7660 1819       3       com.sun.javafx.css.BitSet::addAll (340 bytes)
Event: 1.345 Thread 0x000002a3351d7660 nmethod 1819 0x000002a31a9d4e90 code [0x000002a31a9d50e0, 0x000002a31a9d5f08]
Event: 1.345 Thread 0x000002a3351d7660 1818       3       com.sun.javafx.css.PseudoClassState::addAll (6 bytes)
Event: 1.345 Thread 0x000002a3351d7660 nmethod 1818 0x000002a31a9d6410 code [0x000002a31a9d65a0, 0x000002a31a9d66e8]
Event: 1.345 Thread 0x000002a3351d7660 1817       3       com.sun.javafx.css.SelectorPartitioning::lambda$static$0 (10 bytes)
Event: 1.345 Thread 0x000002a3351d7660 nmethod 1817 0x000002a31a9d6790 code [0x000002a31a9d6920, 0x000002a31a9d6b58]
Event: 1.348 Thread 0x000002a3351d7660 1821       3       java.lang.invoke.BoundMethodHandle$Species_LL::make (12 bytes)
Event: 1.348 Thread 0x000002a3351d7660 nmethod 1821 0x000002a31a9d6c90 code [0x000002a31a9d6e40, 0x000002a31a9d7128]
Event: 1.349 Thread 0x000002a3351d7660 1822       3       java.awt.image.IndexColorModel::getRGB (12 bytes)
Event: 1.349 Thread 0x000002a3351d7660 nmethod 1822 0x000002a31a9d7290 code [0x000002a31a9d7420, 0x000002a31a9d7558]
Event: 1.356 Thread 0x000002a3351d7660 1824   !   3       sun.awt.image.ImageDecoder::nextConsumer (69 bytes)
Event: 1.356 Thread 0x000002a3351d7660 nmethod 1824 0x000002a31a9d7610 code [0x000002a31a9d77e0, 0x000002a31a9d7c38]
Event: 1.356 Thread 0x000002a3351d7660 1825       1       sun.awt.image.ByteArrayImageSource::checkSecurity (2 bytes)
Event: 1.356 Thread 0x000002a3351d7660 nmethod 1825 0x000002a321c80410 code [0x000002a321c805a0, 0x000002a321c80678]
Event: 1.358 Thread 0x000002a3351d7660 1826       1       java.awt.image.SampleModel::getNumBands (5 bytes)
Event: 1.359 Thread 0x000002a3351d7660 nmethod 1826 0x000002a321c80710 code [0x000002a321c808a0, 0x000002a321c80978]
Event: 1.360 Thread 0x000002a3351d7660 1827       1       java.awt.image.Raster::getWidth (5 bytes)
Event: 1.360 Thread 0x000002a3351d7660 nmethod 1827 0x000002a321c80a10 code [0x000002a321c80ba0, 0x000002a321c80c78]

GC Heap History (2 events):
Event: 0.618 GC heap before
{Heap before GC invocations=0 (full 0):
 garbage-first heap   total 262144K, used 20480K [0x0000000700e00000, 0x0000000800000000)
  region size 2048K, 10 young (20480K), 0 survivors (0K)
 Metaspace       used 9930K, committed 10176K, reserved 1114112K
  class space    used 1132K, committed 1280K, reserved 1048576K
}
Event: 0.621 GC heap after
{Heap after GC invocations=1 (full 0):
 garbage-first heap   total 262144K, used 3051K [0x0000000700e00000, 0x0000000800000000)
  region size 2048K, 2 young (4096K), 2 survivors (4096K)
 Metaspace       used 9930K, committed 10176K, reserved 1114112K
  class space    used 1132K, committed 1280K, reserved 1048576K
}

Deoptimization events (20 events):
Event: 1.195 Thread 0x000002a339c57c20 Uncommon trap: trap_request=0xffffffc6 fr.pc=0x000002a321c461c4 relative=0x0000000000000304
Event: 1.195 Thread 0x000002a339c57c20 Uncommon trap: reason=bimorphic_or_optimized_type_check action=maybe_recompile pc=0x000002a321c461c4 method=java.util.concurrent.ConcurrentHashMap.get(Ljava/lang/Object;)Ljava/lang/Object; @ 149 c2
Event: 1.195 Thread 0x000002a339c57c20 DEOPT PACKING pc=0x000002a321c461c4 sp=0x000000e0471fccb0
Event: 1.195 Thread 0x000002a339c57c20 DEOPT UNPACKING pc=0x000002a31a1723a3 sp=0x000000e0471fcc20 mode 2
Event: 1.260 Thread 0x000002a339c550d0 Uncommon trap: trap_request=0xffffffde fr.pc=0x000002a321bfc538 relative=0x00000000000001b8
Event: 1.260 Thread 0x000002a339c550d0 Uncommon trap: reason=class_check action=maybe_recompile pc=0x000002a321bfc538 method=java.lang.String.equals(Ljava/lang/Object;)Z @ 8 c2
Event: 1.260 Thread 0x000002a339c550d0 DEOPT PACKING pc=0x000002a321bfc538 sp=0x000000e047dfdaa0
Event: 1.260 Thread 0x000002a339c550d0 DEOPT UNPACKING pc=0x000002a31a1723a3 sp=0x000000e047dfda48 mode 2
Event: 1.260 Thread 0x000002a339c550d0 Uncommon trap: trap_request=0xffffffde fr.pc=0x000002a321bfc538 relative=0x00000000000001b8
Event: 1.260 Thread 0x000002a339c550d0 Uncommon trap: reason=class_check action=maybe_recompile pc=0x000002a321bfc538 method=java.lang.String.equals(Ljava/lang/Object;)Z @ 8 c2
Event: 1.260 Thread 0x000002a339c550d0 DEOPT PACKING pc=0x000002a321bfc538 sp=0x000000e047dfd9b0
Event: 1.260 Thread 0x000002a339c550d0 DEOPT UNPACKING pc=0x000002a31a1723a3 sp=0x000000e047dfd958 mode 2
Event: 1.260 Thread 0x000002a339c550d0 Uncommon trap: trap_request=0xffffffde fr.pc=0x000002a321bfc538 relative=0x00000000000001b8
Event: 1.260 Thread 0x000002a339c550d0 Uncommon trap: reason=class_check action=maybe_recompile pc=0x000002a321bfc538 method=java.lang.String.equals(Ljava/lang/Object;)Z @ 8 c2
Event: 1.260 Thread 0x000002a339c550d0 DEOPT PACKING pc=0x000002a321bfc538 sp=0x000000e047dfd9b0
Event: 1.260 Thread 0x000002a339c550d0 DEOPT UNPACKING pc=0x000002a31a1723a3 sp=0x000000e047dfd958 mode 2
Event: 1.328 Thread 0x000002a339c550d0 Uncommon trap: trap_request=0xffffffde fr.pc=0x000002a321bfc538 relative=0x00000000000001b8
Event: 1.328 Thread 0x000002a339c550d0 Uncommon trap: reason=class_check action=maybe_recompile pc=0x000002a321bfc538 method=java.lang.String.equals(Ljava/lang/Object;)Z @ 8 c2
Event: 1.328 Thread 0x000002a339c550d0 DEOPT PACKING pc=0x000002a321bfc538 sp=0x000000e047dfd600
Event: 1.328 Thread 0x000002a339c550d0 DEOPT UNPACKING pc=0x000002a31a1723a3 sp=0x000000e047dfd5a8 mode 2

Classes loaded (20 events):
Event: 1.345 Loading class java/awt/image/PixelInterleavedSampleModel
Event: 1.346 Loading class java/awt/image/ComponentSampleModel
Event: 1.346 Loading class java/awt/image/ComponentSampleModel done
Event: 1.346 Loading class java/awt/image/PixelInterleavedSampleModel done
Event: 1.346 Loading class sun/awt/image/ByteInterleavedRaster
Event: 1.346 Loading class sun/awt/image/ByteComponentRaster
Event: 1.346 Loading class sun/awt/image/ByteComponentRaster done
Event: 1.346 Loading class sun/awt/image/ByteInterleavedRaster done
Event: 1.347 Loading class sun/awt/image/BytePackedRaster
Event: 1.347 Loading class sun/awt/image/BytePackedRaster done
Event: 1.347 Loading class java/awt/image/ReplicateScaleFilter
Event: 1.348 Loading class java/awt/image/ImageFilter
Event: 1.348 Loading class java/awt/image/ImageFilter done
Event: 1.348 Loading class java/awt/image/ReplicateScaleFilter done
Event: 1.348 Loading class java/awt/image/FilteredImageSource
Event: 1.348 Loading class java/awt/image/FilteredImageSource done
Event: 1.348 Loading class java/awt/image/PixelGrabber
Event: 1.348 Loading class java/awt/image/PixelGrabber done
Event: 1.349 Loading class sun/awt/image/BufImgSurfaceManager
Event: 1.349 Loading class sun/awt/image/BufImgSurfaceManager done

Classes unloaded (0 events):
No events

Classes redefined (0 events):
No events

Internal exceptions (20 events):
Event: 0.968 Thread 0x000002a339c550d0 Exception <a 'java/lang/NoSuchMethodError'{0x00000007100b25e8}: 'void java.lang.invoke.DirectMethodHandle$Holder.invokeSpecial(java.lang.Object, java.lang.Object, int)'> (0x00000007100b25e8) 
thrown [s\open\src\hotspot\share\interpreter\linkResolver.cpp, line 766]
Event: 0.969 Thread 0x000002a339c550d0 Exception <a 'java/lang/NoSuchMethodError'{0x00000007100b6e40}: 'int java.lang.invoke.DirectMethodHandle$Holder.invokeSpecial(java.lang.Object, java.lang.Object, java.lang.Object, int)'> (0x00000007100b6e40) 
thrown [s\open\src\hotspot\share\interpreter\linkResolver.cpp, line 766]
Event: 0.970 Thread 0x000002a339c550d0 Exception <a 'java/lang/NoSuchMethodError'{0x00000007100c91b0}: 'java.lang.Object java.lang.invoke.DirectMethodHandle$Holder.invokeStatic(java.lang.Object, java.lang.Object, java.lang.Object, java.lang.Object, int)'> (0x00000007100c91b0) 
thrown [s\open\src\hotspot\share\interpreter\linkResolver.cpp, line 766]
Event: 0.971 Thread 0x000002a339c550d0 Exception <a 'java/lang/NoSuchMethodError'{0x00000007100d4a10}: 'void java.lang.invoke.DelegatingMethodHandle$Holder.reinvoke_L(java.lang.Object, java.lang.Object, int)'> (0x00000007100d4a10) 
thrown [s\open\src\hotspot\share\interpreter\linkResolver.cpp, line 766]
Event: 0.971 Thread 0x000002a339c550d0 Exception <a 'java/lang/NoSuchMethodError'{0x00000007100dbd38}: 'int java.lang.invoke.DirectMethodHandle$Holder.invokeSpecial(java.lang.Object, java.lang.Object, java.lang.Object)'> (0x00000007100dbd38) 
thrown [s\open\src\hotspot\share\interpreter\linkResolver.cpp, line 766]
Event: 0.988 Thread 0x000002a339c550d0 Exception <a 'java/lang/NoSuchMethodError'{0x0000000710193d30}: 'void java.lang.invoke.DirectMethodHandle$Holder.invokeSpecial(java.lang.Object, java.lang.Object, java.lang.Object, java.lang.Object, java.lang.Object)'> (0x0000000710193d30) 
thrown [s\open\src\hotspot\share\interpreter\linkResolver.cpp, line 766]
Event: 0.994 Thread 0x000002a339c550d0 Exception <a 'java/lang/NoSuchMethodError'{0x00000007101f9b78}: 'double java.lang.invoke.DelegatingMethodHandle$Holder.reinvoke_L(java.lang.Object, java.lang.Object, int)'> (0x00000007101f9b78) 
thrown [s\open\src\hotspot\share\interpreter\linkResolver.cpp, line 766]
Event: 0.995 Thread 0x000002a339c550d0 Exception <a 'java/lang/NoSuchMethodError'{0x000000070fe04ba8}: 'java.lang.Object java.lang.invoke.DelegatingMethodHandle$Holder.reinvoke_L(java.lang.Object, double, double, double, double)'> (0x000000070fe04ba8) 
thrown [s\open\src\hotspot\share\interpreter\linkResolver.cpp, line 766]
Event: 0.996 Thread 0x000002a339c550d0 Exception <a 'java/lang/NoSuchMethodError'{0x000000070fe13970}: 'java.lang.Object java.lang.invoke.DirectMethodHandle$Holder.invokeStatic(java.lang.Object, java.lang.Object, int)'> (0x000000070fe13970) 
thrown [s\open\src\hotspot\share\interpreter\linkResolver.cpp, line 766]
Event: 0.996 Thread 0x000002a339c550d0 Exception <a 'java/lang/NoSuchMethodError'{0x000000070fe178d0}: 'void java.lang.invoke.DirectMethodHandle$Holder.invokeStatic(java.lang.Object, java.lang.Object, int, java.lang.Object)'> (0x000000070fe178d0) 
thrown [s\open\src\hotspot\share\interpreter\linkResolver.cpp, line 766]
Event: 0.997 Thread 0x000002a339c550d0 Exception <a 'java/lang/NoSuchMethodError'{0x000000070fe1e8d8}: 'void java.lang.invoke.DelegatingMethodHandle$Holder.delegate(java.lang.Object, java.lang.Object, int, java.lang.Object)'> (0x000000070fe1e8d8) 
thrown [s\open\src\hotspot\share\interpreter\linkResolver.cpp, line 766]
Event: 1.041 Thread 0x000002a339c550d0 Exception <a 'java/lang/NoSuchMethodError'{0x000000070feae440}: 'void java.lang.invoke.DirectMethodHandle$Holder.invokeSpecial(java.lang.Object, java.lang.Object, double)'> (0x000000070feae440) 
thrown [s\open\src\hotspot\share\interpreter\linkResolver.cpp, line 766]
Event: 1.041 Thread 0x000002a339c550d0 Exception <a 'java/lang/NoSuchMethodError'{0x000000070feb5898}: 'void java.lang.invoke.DelegatingMethodHandle$Holder.reinvoke_L(java.lang.Object, java.lang.Object, double)'> (0x000000070feb5898) 
thrown [s\open\src\hotspot\share\interpreter\linkResolver.cpp, line 766]
Event: 1.059 Thread 0x000002a339c550d0 Exception <a 'java/lang/NoSuchMethodError'{0x000000070feeea90}: 'java.lang.Object java.lang.invoke.Invokers$Holder.invokeExact_MT(java.lang.Object, java.lang.Object, java.lang.Object, java.lang.Object, java.lang.Object)'> (0x000000070feeea90) 
thrown [s\open\src\hotspot\share\interpreter\linkResolver.cpp, line 766]
Event: 1.083 Thread 0x000002a339c550d0 Exception <a 'java/lang/NoSuchMethodError'{0x000000070ffef258}: 'void java.lang.invoke.Invokers$Holder.invokeExact_MT(java.lang.Object, java.lang.Object, java.lang.Object, java.lang.Object)'> (0x000000070ffef258) 
thrown [s\open\src\hotspot\share\interpreter\linkResolver.cpp, line 766]
Event: 1.252 Thread 0x000002a339c550d0 Exception <a 'java/lang/NoSuchMethodError'{0x000000070f06d0b0}: 'java.lang.Object java.lang.invoke.DirectMethodHandle$Holder.newInvokeSpecial(java.lang.Object, java.lang.Object, int, int)'> (0x000000070f06d0b0) 
thrown [s\open\src\hotspot\share\interpreter\linkResolver.cpp, line 766]
Event: 1.253 Thread 0x000002a339c550d0 Exception <a 'java/lang/NoSuchMethodError'{0x000000070f0711b0}: 'java.lang.Object java.lang.invoke.DirectMethodHandle$Holder.invokeSpecial(java.lang.Object, java.lang.Object, java.lang.Object, int, int)'> (0x000000070f0711b0) 
thrown [s\open\src\hotspot\share\interpreter\linkResolver.cpp, line 766]
Event: 1.328 Thread 0x000002a3399fc5b0 Exception <a 'java/lang/NoSuchMethodError'{0x000000070f166ed0}: 'java.lang.Object java.lang.invoke.DirectMethodHandle$Holder.newInvokeSpecial(java.lang.Object, java.lang.Object, java.lang.Object, int, int, int, int, int)'> (0x000000070f166ed0) 
thrown [s\open\src\hotspot\share\interpreter\linkResolver.cpp, line 766]
Event: 1.334 Thread 0x000002a339c550d0 Exception <a 'java/lang/NoSuchMethodError'{0x000000070f1a25c8}: 'int java.lang.invoke.DirectMethodHandle$Holder.invokeStaticInit(java.lang.Object, java.lang.Object)'> (0x000000070f1a25c8) 
thrown [s\open\src\hotspot\share\interpreter\linkResolver.cpp, line 766]
Event: 1.361 Thread 0x000002a339c550d0 Exception <a 'java/lang/NoSuchMethodError'{0x000000070ec25650}: 'void java.lang.invoke.DirectMethodHandle$Holder.invokeStatic(java.lang.Object, java.lang.Object, java.lang.Object, java.lang.Object)'> (0x000000070ec25650) 
thrown [s\open\src\hotspot\share\interpreter\linkResolver.cpp, line 766]

VM Operations (20 events):
Event: 0.491 Executing VM operation: ICBufferFull
Event: 0.491 Executing VM operation: ICBufferFull done
Event: 0.540 Executing VM operation: HandshakeAllThreads
Event: 0.540 Executing VM operation: HandshakeAllThreads done
Event: 0.618 Executing VM operation: G1CollectForAllocation
Event: 0.621 Executing VM operation: G1CollectForAllocation done
Event: 0.658 Executing VM operation: HandshakeAllThreads
Event: 0.658 Executing VM operation: HandshakeAllThreads done
Event: 0.894 Executing VM operation: HandshakeAllThreads
Event: 0.894 Executing VM operation: HandshakeAllThreads done
Event: 0.979 Executing VM operation: HandshakeAllThreads
Event: 0.979 Executing VM operation: HandshakeAllThreads done
Event: 0.994 Executing VM operation: HandshakeAllThreads
Event: 0.994 Executing VM operation: HandshakeAllThreads done
Event: 0.996 Executing VM operation: HandshakeAllThreads
Event: 0.996 Executing VM operation: HandshakeAllThreads done
Event: 1.256 Executing VM operation: HandshakeAllThreads
Event: 1.256 Executing VM operation: HandshakeAllThreads done
Event: 1.260 Executing VM operation: ICBufferFull
Event: 1.326 Executing VM operation: ICBufferFull done

Events (20 events):
Event: 0.502 Loaded shared library E:\Downloads\javafx-sdk-19\bin\api-ms-win-crt-stdio-l1-1-0.dll
Event: 0.503 Loaded shared library E:\Downloads\javafx-sdk-19\bin\api-ms-win-crt-string-l1-1-0.dll
Event: 0.503 Loaded shared library E:\Downloads\javafx-sdk-19\bin\api-ms-win-crt-time-l1-1-0.dll
Event: 0.504 Loaded shared library E:\Downloads\javafx-sdk-19\bin\api-ms-win-crt-utility-l1-1-0.dll
Event: 0.505 Loaded shared library E:\Downloads\javafx-sdk-19\bin\ucrtbase.dll
Event: 0.505 Loaded shared library E:\Downloads\javafx-sdk-19\bin\vcruntime140.dll
Event: 0.506 Loaded shared library E:\Downloads\javafx-sdk-19\bin\vcruntime140_1.dll
Event: 0.507 Loaded shared library E:\Downloads\javafx-sdk-19\bin\msvcp140.dll
Event: 0.507 Loaded shared library E:\Downloads\javafx-sdk-19\bin\msvcp140_1.dll
Event: 0.508 Loaded shared library E:\Downloads\javafx-sdk-19\bin\msvcp140_2.dll
Event: 0.524 Thread 0x000002a339c54730 Thread added: 0x000002a339c54730
Event: 0.527 Loaded shared library E:\Downloads\javafx-sdk-19\bin\prism_d3d.dll
Event: 0.542 Loaded shared library E:\Downloads\javafx-sdk-19\bin\glass.dll
Event: 0.543 Thread 0x000002a339c57750 Thread added: 0x000002a339c57750
Event: 0.545 Thread 0x000002a339c550d0 Thread added: 0x000002a339c550d0
Event: 0.615 Thread 0x000002a339c54c00 Thread added: 0x000002a339c54c00
Event: 0.637 Thread 0x000002a3127e0e60 Thread exited: 0x000002a3127e0e60
Event: 0.637 Thread 0x000002a339c555a0 Thread added: 0x000002a339c555a0
Event: 0.890 Loaded shared library E:\Downloads\javafx-sdk-19\bin\javafx_font.dll
Event: 1.259 Thread 0x000002a3399fc5b0 Thread added: 0x000002a3399fc5b0


Dynamic libraries:
0x00007ff63aa70000 - 0x00007ff63aa80000 	C:\Program Files\Java\jdk-18.0.1.1\bin\javaw.exe
0x00007ffe082d0000 - 0x00007ffe084c8000 	C:\Windows\SYSTEM32\ntdll.dll
0x00007ffe07f40000 - 0x00007ffe07fff000 	C:\Windows\System32\KERNEL32.DLL
0x00007ffe05e30000 - 0x00007ffe06102000 	C:\Windows\System32\KERNELBASE.dll
0x00007ffe05c60000 - 0x00007ffe05d60000 	C:\Windows\System32\ucrtbase.dll
0x00007ffe00ea0000 - 0x00007ffe00eba000 	C:\Program Files\Java\jdk-18.0.1.1\bin\VCRUNTIME140.dll
0x00007ffe00e30000 - 0x00007ffe00e48000 	C:\Program Files\Java\jdk-18.0.1.1\bin\jli.dll
0x00007ffe081c0000 - 0x00007ffe0826e000 	C:\Windows\System32\ADVAPI32.dll
0x00007ffe079b0000 - 0x00007ffe07a4e000 	C:\Windows\System32\msvcrt.dll
0x00007ffe077d0000 - 0x00007ffe0786c000 	C:\Windows\System32\sechost.dll
0x00007ffe06bf0000 - 0x00007ffe06d15000 	C:\Windows\System32\RPCRT4.dll
0x00007ffe07d90000 - 0x00007ffe07f31000 	C:\Windows\System32\USER32.dll
0x00007ffe05e00000 - 0x00007ffe05e22000 	C:\Windows\System32\win32u.dll
0x00007ffdf4980000 - 0x00007ffdf4c1a000 	C:\Windows\WinSxS\amd64_microsoft.windows.common-controls_6595b64144ccf1df_6.0.19041.1110_none_60b5254171f9507e\COMCTL32.dll
0x00007ffe06fe0000 - 0x00007ffe0700b000 	C:\Windows\System32\GDI32.dll
0x00007ffe05b00000 - 0x00007ffe05c0f000 	C:\Windows\System32\gdi32full.dll
0x00007ffe05d60000 - 0x00007ffe05dfd000 	C:\Windows\System32\msvcp_win.dll
0x00007ffdff2b0000 - 0x00007ffdff2ba000 	C:\Windows\SYSTEM32\VERSION.dll
0x00007ffe07970000 - 0x00007ffe079a2000 	C:\Windows\System32\IMM32.DLL
0x00007ffe03170000 - 0x00007ffe0317c000 	C:\Program Files\Java\jdk-18.0.1.1\bin\vcruntime140_1.dll
0x00007ffdf33c0000 - 0x00007ffdf344d000 	C:\Program Files\Java\jdk-18.0.1.1\bin\msvcp140.dll
0x00007ffda5750000 - 0x00007ffda6360000 	C:\Program Files\Java\jdk-18.0.1.1\bin\server\jvm.dll
0x00007ffe06e40000 - 0x00007ffe06e48000 	C:\Windows\System32\PSAPI.DLL
0x00007ffdf00c0000 - 0x00007ffdf00c9000 	C:\Windows\SYSTEM32\WSOCK32.dll
0x00007ffdfd290000 - 0x00007ffdfd2b7000 	C:\Windows\SYSTEM32\WINMM.dll
0x00007ffe07900000 - 0x00007ffe0796b000 	C:\Windows\System32\WS2_32.dll
0x00007ffe037c0000 - 0x00007ffe037d2000 	C:\Windows\SYSTEM32\kernel.appcore.dll
0x00007ffe014c0000 - 0x00007ffe014ca000 	C:\Program Files\Java\jdk-18.0.1.1\bin\jimage.dll
0x00007ffdf5610000 - 0x00007ffdf57f4000 	C:\Windows\SYSTEM32\DBGHELP.DLL
0x00007ffdefbc0000 - 0x00007ffdefbf5000 	C:\Windows\SYSTEM32\dbgcore.DLL
0x00007ffe05a70000 - 0x00007ffe05af2000 	C:\Windows\System32\bcryptPrimitives.dll
0x00007ffe00d00000 - 0x00007ffe00d25000 	C:\Program Files\Java\jdk-18.0.1.1\bin\java.dll
0x00007ffdeae00000 - 0x00007ffdeaed6000 	C:\Program Files\Java\jdk-18.0.1.1\bin\jsvml.dll
0x00007ffe07010000 - 0x00007ffe07754000 	C:\Windows\System32\SHELL32.dll
0x00007ffe03aa0000 - 0x00007ffe04232000 	C:\Windows\SYSTEM32\windows.storage.dll
0x00007ffe06830000 - 0x00007ffe06b85000 	C:\Windows\System32\combase.dll
0x00007ffe05340000 - 0x00007ffe05370000 	C:\Windows\SYSTEM32\Wldp.dll
0x00007ffe06780000 - 0x00007ffe0682d000 	C:\Windows\System32\SHCORE.dll
0x00007ffe06b90000 - 0x00007ffe06be5000 	C:\Windows\System32\shlwapi.dll
0x00007ffe05900000 - 0x00007ffe0591f000 	C:\Windows\SYSTEM32\profapi.dll
0x00007ffe00ce0000 - 0x00007ffe00cf3000 	C:\Program Files\Java\jdk-18.0.1.1\bin\net.dll
0x00007ffdfde20000 - 0x00007ffdfdf2c000 	C:\Windows\SYSTEM32\WINHTTP.dll
0x00007ffe050a0000 - 0x00007ffe0510a000 	C:\Windows\system32\mswsock.dll
0x00007ffe005d0000 - 0x00007ffe005e6000 	C:\Program Files\Java\jdk-18.0.1.1\bin\nio.dll
0x00007ffe005b0000 - 0x00007ffe005c8000 	C:\Program Files\Java\jdk-18.0.1.1\bin\zip.dll
0x00007ffda8770000 - 0x00007ffda88ff000 	C:\Program Files\Java\jdk-18.0.1.1\bin\awt.dll
0x00007ffe07c60000 - 0x00007ffe07d2d000 	C:\Windows\System32\OLEAUT32.dll
0x00007ffe03290000 - 0x00007ffe03321000 	C:\Windows\SYSTEM32\apphelp.dll
0x00007ffe03790000 - 0x00007ffe037bf000 	C:\Windows\system32\DWMAPI.DLL
0x00007ffe033d0000 - 0x00007ffe0346e000 	C:\Windows\system32\uxtheme.dll
0x00007ffdc3450000 - 0x00007ffdc3575000 	C:\Windows\system32\opengl32.dll
0x00007ffde06b0000 - 0x00007ffde06dc000 	C:\Windows\SYSTEM32\GLU32.dll
0x00007ffe06d20000 - 0x00007ffe06e35000 	C:\Windows\System32\MSCTF.dll
0x00007ffe07b30000 - 0x00007ffe07c5a000 	C:\Windows\System32\ole32.dll
0x00007ffdf7ff0000 - 0x00007ffdf81be000 	C:\Windows\system32\d3d9.dll
0x00007ffdfae60000 - 0x00007ffdfaf77000 	C:\Windows\System32\DriverStore\FileRepository\nv_dispig.inf_amd64_ee20464bb4ac57f4\nvldumdx.dll
0x00007ffe05540000 - 0x00007ffe05552000 	C:\Windows\SYSTEM32\msasn1.dll
0x00007ffdfdde0000 - 0x00007ffdfde11000 	C:\Windows\SYSTEM32\cryptnet.dll
0x00007ffe06110000 - 0x00007ffe06266000 	C:\Windows\System32\CRYPT32.dll
0x00007ffdfda70000 - 0x00007ffdfdbb8000 	C:\Windows\SYSTEM32\drvstore.dll
0x00007ffe05700000 - 0x00007ffe0572c000 	C:\Windows\SYSTEM32\devobj.dll
0x00007ffe05c10000 - 0x00007ffe05c5e000 	C:\Windows\System32\cfgmgr32.dll
0x00007ffe05290000 - 0x00007ffe0529c000 	C:\Windows\SYSTEM32\cryptbase.dll
0x00007ffe062a0000 - 0x00007ffe06309000 	C:\Windows\System32\WINTRUST.DLL
0x00007ffe08270000 - 0x00007ffe0828d000 	C:\Windows\System32\imagehlp.dll
0x00007ffe052a0000 - 0x00007ffe052b8000 	C:\Windows\SYSTEM32\CRYPTSP.dll
0x00007ffe049c0000 - 0x00007ffe049f4000 	C:\Windows\system32\rsaenh.dll
0x00007ffe06270000 - 0x00007ffe06297000 	C:\Windows\System32\bcrypt.dll
0x00007ffd90330000 - 0x00007ffd91b3a000 	C:\Windows\System32\DriverStore\FileRepository\nv_dispig.inf_amd64_ee20464bb4ac57f4\nvd3dumx.dll
0x00007ffe04250000 - 0x00007ffe04273000 	C:\Windows\SYSTEM32\gpapi.dll
0x00007ffe00b70000 - 0x00007ffe00bab000 	C:\Windows\SYSTEM32\dxcore.dll
0x00007ffddb310000 - 0x00007ffddb399000 	C:\Program Files\Java\jdk-18.0.1.1\bin\freetype.dll
0x00007ffddb1c0000 - 0x00007ffddb268000 	C:\Program Files\Java\jdk-18.0.1.1\bin\fontmanager.dll
0x00007ffde5d00000 - 0x00007ffde5df9000 	C:\Windows\SYSTEM32\textinputframework.dll
0x00007ffe02f10000 - 0x00007ffe03002000 	C:\Windows\System32\CoreMessaging.dll
0x00007ffe02bb0000 - 0x00007ffe02f0e000 	C:\Windows\System32\CoreUIComponents.dll
0x00007ffe04ae0000 - 0x00007ffe04b13000 	C:\Windows\SYSTEM32\ntmarta.dll
0x00007ffe024b0000 - 0x00007ffe02604000 	C:\Windows\SYSTEM32\wintypes.dll
0x000002a340fa0000 - 0x000002a340fa3000 	E:\Downloads\javafx-sdk-19\bin\api-ms-win-core-console-l1-1-0.dll
0x000002a340fb0000 - 0x000002a340fb3000 	E:\Downloads\javafx-sdk-19\bin\api-ms-win-core-console-l1-2-0.dll
0x000002a340fc0000 - 0x000002a340fc3000 	E:\Downloads\javafx-sdk-19\bin\api-ms-win-core-datetime-l1-1-0.dll
0x000002a340fd0000 - 0x000002a340fd3000 	E:\Downloads\javafx-sdk-19\bin\api-ms-win-core-debug-l1-1-0.dll
0x000002a340fe0000 - 0x000002a340fe3000 	E:\Downloads\javafx-sdk-19\bin\api-ms-win-core-errorhandling-l1-1-0.dll
0x000002a340ff0000 - 0x000002a340ff4000 	E:\Downloads\javafx-sdk-19\bin\api-ms-win-core-file-l1-1-0.dll
0x000002a341000000 - 0x000002a341003000 	E:\Downloads\javafx-sdk-19\bin\api-ms-win-core-file-l1-2-0.dll
0x000002a341010000 - 0x000002a341013000 	E:\Downloads\javafx-sdk-19\bin\api-ms-win-core-file-l2-1-0.dll
0x000002a341020000 - 0x000002a341023000 	E:\Downloads\javafx-sdk-19\bin\api-ms-win-core-handle-l1-1-0.dll
0x000002a341030000 - 0x000002a341033000 	E:\Downloads\javafx-sdk-19\bin\api-ms-win-core-heap-l1-1-0.dll
0x000002a341040000 - 0x000002a341043000 	E:\Downloads\javafx-sdk-19\bin\api-ms-win-core-interlocked-l1-1-0.dll
0x000002a341050000 - 0x000002a341053000 	E:\Downloads\javafx-sdk-19\bin\api-ms-win-core-libraryloader-l1-1-0.dll
0x000002a341070000 - 0x000002a341073000 	E:\Downloads\javafx-sdk-19\bin\api-ms-win-core-localization-l1-2-0.dll
0x000002a341080000 - 0x000002a341083000 	E:\Downloads\javafx-sdk-19\bin\api-ms-win-core-memory-l1-1-0.dll
0x000002a3411a0000 - 0x000002a3411a3000 	E:\Downloads\javafx-sdk-19\bin\api-ms-win-core-namedpipe-l1-1-0.dll
0x000002a3411b0000 - 0x000002a3411b3000 	E:\Downloads\javafx-sdk-19\bin\api-ms-win-core-processenvironment-l1-1-0.dll
0x000002a3411c0000 - 0x000002a3411c3000 	E:\Downloads\javafx-sdk-19\bin\api-ms-win-core-processthreads-l1-1-0.dll
0x000002a3411d0000 - 0x000002a3411d3000 	E:\Downloads\javafx-sdk-19\bin\api-ms-win-core-processthreads-l1-1-1.dll
0x000002a3411e0000 - 0x000002a3411e3000 	E:\Downloads\javafx-sdk-19\bin\api-ms-win-core-profile-l1-1-0.dll
0x000002a3411f0000 - 0x000002a3411f3000 	E:\Downloads\javafx-sdk-19\bin\api-ms-win-core-rtlsupport-l1-1-0.dll
0x000002a341200000 - 0x000002a341203000 	E:\Downloads\javafx-sdk-19\bin\api-ms-win-core-string-l1-1-0.dll
0x000002a341210000 - 0x000002a341213000 	E:\Downloads\javafx-sdk-19\bin\api-ms-win-core-synch-l1-1-0.dll
0x000002a341220000 - 0x000002a341223000 	E:\Downloads\javafx-sdk-19\bin\api-ms-win-core-synch-l1-2-0.dll
0x000002a341230000 - 0x000002a341233000 	E:\Downloads\javafx-sdk-19\bin\api-ms-win-core-sysinfo-l1-1-0.dll
0x000002a341240000 - 0x000002a341243000 	E:\Downloads\javafx-sdk-19\bin\api-ms-win-core-timezone-l1-1-0.dll
0x000002a341250000 - 0x000002a341253000 	E:\Downloads\javafx-sdk-19\bin\api-ms-win-core-util-l1-1-0.dll
0x000002a341260000 - 0x000002a341263000 	E:\Downloads\javafx-sdk-19\bin\api-ms-win-crt-conio-l1-1-0.dll
0x000002a341270000 - 0x000002a341274000 	E:\Downloads\javafx-sdk-19\bin\api-ms-win-crt-convert-l1-1-0.dll
0x000002a341280000 - 0x000002a341283000 	E:\Downloads\javafx-sdk-19\bin\api-ms-win-crt-environment-l1-1-0.dll
0x000002a341290000 - 0x000002a341293000 	E:\Downloads\javafx-sdk-19\bin\api-ms-win-crt-filesystem-l1-1-0.dll
0x000002a3412a0000 - 0x000002a3412a3000 	E:\Downloads\javafx-sdk-19\bin\api-ms-win-crt-heap-l1-1-0.dll
0x000002a3412b0000 - 0x000002a3412b3000 	E:\Downloads\javafx-sdk-19\bin\api-ms-win-crt-locale-l1-1-0.dll
0x000002a3412c0000 - 0x000002a3412c5000 	E:\Downloads\javafx-sdk-19\bin\api-ms-win-crt-math-l1-1-0.dll
0x000002a341ad0000 - 0x000002a341ad5000 	E:\Downloads\javafx-sdk-19\bin\api-ms-win-crt-multibyte-l1-1-0.dll
0x000002a341ae0000 - 0x000002a341af0000 	E:\Downloads\javafx-sdk-19\bin\api-ms-win-crt-private-l1-1-0.dll
0x000002a341af0000 - 0x000002a341af3000 	E:\Downloads\javafx-sdk-19\bin\api-ms-win-crt-process-l1-1-0.dll
0x000002a341b00000 - 0x000002a341b04000 	E:\Downloads\javafx-sdk-19\bin\api-ms-win-crt-runtime-l1-1-0.dll
0x000002a341b10000 - 0x000002a341b14000 	E:\Downloads\javafx-sdk-19\bin\api-ms-win-crt-stdio-l1-1-0.dll
0x000002a341b20000 - 0x000002a341b24000 	E:\Downloads\javafx-sdk-19\bin\api-ms-win-crt-string-l1-1-0.dll
0x000002a341b30000 - 0x000002a341b33000 	E:\Downloads\javafx-sdk-19\bin\api-ms-win-crt-time-l1-1-0.dll
0x000002a341b40000 - 0x000002a341b43000 	E:\Downloads\javafx-sdk-19\bin\api-ms-win-crt-utility-l1-1-0.dll
0x00007ffdca870000 - 0x00007ffdca96c000 	E:\Downloads\javafx-sdk-19\bin\ucrtbase.dll
0x00007ffde65b0000 - 0x00007ffde65cb000 	E:\Downloads\javafx-sdk-19\bin\vcruntime140.dll
0x00007ffdf3370000 - 0x00007ffdf337c000 	E:\Downloads\javafx-sdk-19\bin\vcruntime140_1.dll
0x00007ffdd4b30000 - 0x00007ffdd4bbe000 	E:\Downloads\javafx-sdk-19\bin\msvcp140.dll
0x00007ffdf1730000 - 0x00007ffdf1739000 	E:\Downloads\javafx-sdk-19\bin\msvcp140_1.dll
0x00007ffddce80000 - 0x00007ffddceb0000 	E:\Downloads\javafx-sdk-19\bin\msvcp140_2.dll
0x00007ffddcdc0000 - 0x00007ffddcdec000 	E:\Downloads\javafx-sdk-19\bin\prism_d3d.dll
0x00007ffddb7f0000 - 0x00007ffddb832000 	E:\Downloads\javafx-sdk-19\bin\glass.dll
0x00007ffe07a50000 - 0x00007ffe07b2a000 	C:\Windows\System32\COMDLG32.dll

dbghelp: loaded successfully - version: 4.0.5 - missing functions: none
symbol engine: initialized successfully - sym options: 0x614 - pdb path: .;C:\Program Files\Java\jdk-18.0.1.1\bin;C:\Windows\SYSTEM32;C:\Windows\WinSxS\amd64_microsoft.windows.common-controls_6595b64144ccf1df_6.0.19041.1110_none_60b5254171f9507e;C:\Program Files\Java\jdk-18.0.1.1\bin\server;C:\Windows\System32\DriverStore\FileRepository\nv_dispig.inf_amd64_ee20464bb4ac57f4;E:\Downloads\javafx-sdk-19\bin

VM Arguments:
jvm_args: --module-path=javafx-sdk-19\lib --add-modules=javafx.web,javafx.media,javafx.swing,javafx.controls,javafx.fxml -Dfile.encoding=UTF-8 --module-path=E:\Downloads\javafx-sdk-19\lib\javafx.controls.jar;E:\Downloads\javafx-sdk-19\lib\javafx.fxml.jar;E:\Downloads\javafx-sdk-19\lib\javafx.base.jar;E:\Downloads\javafx-sdk-19\lib\javafx.graphics.jar;E:\Downloads\javafx-sdk-19\lib\javafx.media.jar;E:\Downloads\javafx-sdk-19\lib\javafx.web.jar;E:\Downloads\javafx-sdk-19\lib\javafx-swt.jar;E:\Downloads\javafx-sdk-19\lib\javafx.swing.jar -XX:+ShowCodeDetailsInExceptionMessages 
java_command: hust.soict.dsai.aims.Aims
java_class_path (initial): E:\Git\OOP\AimsProject\bin
Launcher Type: SUN_STANDARD

[Global flags]
     intx CICompilerCount                          = 3                                         {product} {ergonomic}
     uint ConcGCThreads                            = 2                                         {product} {ergonomic}
     uint G1ConcRefinementThreads                  = 6                                         {product} {ergonomic}
   size_t G1HeapRegionSize                         = 2097152                                   {product} {ergonomic}
    uintx GCDrainStackTargetSize                   = 64                                        {product} {ergonomic}
   size_t InitialHeapSize                          = 268435456                                 {product} {ergonomic}
   size_t MarkStackSize                            = 4194304                                   {product} {ergonomic}
   size_t MaxHeapSize                              = 4280287232                                {product} {ergonomic}
   size_t MaxNewSize                               = 2566914048                                {product} {ergonomic}
   size_t MinHeapDeltaBytes                        = 2097152                                   {product} {ergonomic}
   size_t MinHeapSize                              = 8388608                                   {product} {ergonomic}
    uintx NonNMethodCodeHeapSize                   = 5832780                                {pd product} {ergonomic}
    uintx NonProfiledCodeHeapSize                  = 122912730                              {pd product} {ergonomic}
    uintx ProfiledCodeHeapSize                     = 122912730                              {pd product} {ergonomic}
    uintx ReservedCodeCacheSize                    = 251658240                              {pd product} {ergonomic}
     bool SegmentedCodeCache                       = true                                      {product} {ergonomic}
     bool ShowCodeDetailsInExceptionMessages       = true                                   {manageable} {command line}
   size_t SoftMaxHeapSize                          = 4280287232                             {manageable} {ergonomic}
     bool UseCompressedClassPointers               = true                           {product lp64_product} {ergonomic}
     bool UseCompressedOops                        = true                           {product lp64_product} {ergonomic}
     bool UseG1GC                                  = true                                      {product} {ergonomic}
     bool UseLargePagesIndividualAllocation        = false                                  {pd product} {ergonomic}

Logging:
Log output configuration:
 #0: stdout all=warning uptime,level,tags foldmultilines=false
 #1: stderr all=off uptime,level,tags foldmultilines=false

Environment Variables:
PATH=C:\Program Files\Common Files\Oracle\Java\javapath;C:\Program Files\Microsoft\jdk-11.0.12.7-hotspot\bin;C:\Program Files (x86)\mingw-w64\i686-8.1.0-posix-dwarf-rt_v6-rev0\mingw32\bin;C:\Windows;C:\Windows\System32\Wbem;C:\Windows\System32\WindowsPowerShell\v1.0\;C:\Windows\System32\OpenSSH\;C:\Program Files (x86)\NVIDIA Corporation\PhysX\Common;C:\Program Files\dotnet\;C:\Program Files\nodejs\;C:\xampp\php;C:\ProgramData\ComposerSetup\bin;C:\Program Files\Cloudflare\Cloudflare WARP\;C:\Users\admin\AppData\Local\Microsoft\WindowsApps;E:\Microsoft VS Code\bin;C:\Users\admin\.dotnet\tools;C:\Users\admin\AppData\Roaming\npm;C:\Users\admin\AppData\Roaming\Composer\vendor\bin;D:\Downloads\php-8.1.8-Win32-vs16-x64;C:\Users\admin\AppData\Local\GitHubDesktop\bin
USERNAME=admin
OS=Windows_NT
PROCESSOR_IDENTIFIER=Intel64 Family 6 Model 158 Stepping 10, GenuineIntel



---------------  S Y S T E M  ---------------

OS:
 Windows 10 , 64 bit Build 19041 (10.0.19041.2364)
OS uptime: 0 days 12:45 hours

CPU: total 6 (initial active 6) (6 cores per cpu, 1 threads per core) family 6 model 158 stepping 10 microcode 0xb4, cx8, cmov, fxsr, mmx, 3dnowpref, sse, sse2, sse3, ssse3, sse4.1, sse4.2, popcnt, lzcnt, tsc, tscinvbit, avx, avx2, aes, erms, clmul, bmi1, bmi2, adx, fma, vzeroupper, clflush, clflushopt

Memory: 4k page, system-wide physical 16326M (6461M free)
TotalPageFile size 30554M (AvailPageFile size 238M)
current process WorkingSet (physical memory assigned to process): 137M, peak: 137M
current process commit charge ("private bytes"): 410M, peak: 410M

vm_info: Java HotSpot(TM) 64-Bit Server VM (18.0.1.1+2-6) for windows-amd64 JRE (18.0.1.1+2-6), built on Apr 25 2022 21:53:15 by "mach5one" with MS VC++ 16.8 / 16.9 (VS2019)

END.
